[2018-02-11 19:16:49]: --- Scenario 01
[2018-02-11 19:16:49]: selectionAlgorithm: RouletteWheelSelection
[2018-02-11 19:16:49]: crossoverAlgorithm: PartiallyMatchedCrossover
[2018-02-11 19:16:49]: mutationAlgorithm:  ExchangeMutation
[2018-02-11 19:16:49]: crossoverRatio:     0.8
[2018-02-11 19:16:49]: mutationRatio:      0.005
[2018-02-11 19:16:49]: ==================================
[2018-02-11 19:16:49]:   Initial best fitness: 32575.4239
[2018-02-11 19:17:04]: ==================================
[2018-02-11 19:17:04]: Best fitness of scenario 1: 32575.4239
[2018-02-11 19:17:04]: --- End Scenario 1
[2018-02-11 19:17:04]: 
[2018-02-11 19:17:04]: --- New global fitness in scenario 1: 32575.4239
[2018-02-11 19:17:04]: --- Scenario 02
[2018-02-11 19:17:04]: selectionAlgorithm: RouletteWheelSelection
[2018-02-11 19:17:04]: crossoverAlgorithm: PartiallyMatchedCrossover
[2018-02-11 19:17:04]: mutationAlgorithm:  ExchangeMutation
[2018-02-11 19:17:04]: crossoverRatio:     0.7
[2018-02-11 19:17:04]: mutationRatio:      0.005
[2018-02-11 19:17:04]: ==================================
[2018-02-11 19:17:04]:   Initial best fitness: 32410.4765
[2018-02-11 19:17:14]: ==================================
[2018-02-11 19:17:14]: Best fitness of scenario 2: 32410.4765
[2018-02-11 19:17:14]: --- End Scenario 2
[2018-02-11 19:17:14]: 
[2018-02-11 19:17:14]: --- New global fitness in scenario 2: 32410.4765
[2018-02-11 19:17:14]: --- Scenario 03
[2018-02-11 19:17:14]: selectionAlgorithm: RouletteWheelSelection
[2018-02-11 19:17:14]: crossoverAlgorithm: PartiallyMatchedCrossover
[2018-02-11 19:17:14]: mutationAlgorithm:  ExchangeMutation
[2018-02-11 19:17:14]: crossoverRatio:     0.6
[2018-02-11 19:17:14]: mutationRatio:      0.005
[2018-02-11 19:17:14]: ==================================
[2018-02-11 19:17:14]:   Initial best fitness: 32529.5726
[2018-02-11 19:17:22]: ==================================
[2018-02-11 19:17:22]: Best fitness of scenario 3: 32529.5726
[2018-02-11 19:17:22]: --- End Scenario 3
[2018-02-11 19:17:22]: 
[2018-02-11 19:17:22]: --- Scenario 04
[2018-02-11 19:17:22]: selectionAlgorithm: RouletteWheelSelection
[2018-02-11 19:17:22]: crossoverAlgorithm: PartiallyMatchedCrossover
[2018-02-11 19:17:22]: mutationAlgorithm:  ExchangeMutation
[2018-02-11 19:17:22]: crossoverRatio:     0.8
[2018-02-11 19:17:22]: mutationRatio:      5.0E-4
[2018-02-11 19:17:22]: ==================================
[2018-02-11 19:17:22]:   Initial best fitness: 32805.8668
[2018-02-11 19:17:33]: ==================================
[2018-02-11 19:17:33]: Best fitness of scenario 4: 32805.8668
[2018-02-11 19:17:33]: --- End Scenario 4
[2018-02-11 19:17:33]: 
[2018-02-11 19:17:33]: --- Scenario 05
[2018-02-11 19:17:33]: selectionAlgorithm: RouletteWheelSelection
[2018-02-11 19:17:33]: crossoverAlgorithm: PartiallyMatchedCrossover
[2018-02-11 19:17:33]: mutationAlgorithm:  ExchangeMutation
[2018-02-11 19:17:33]: crossoverRatio:     0.7
[2018-02-11 19:17:33]: mutationRatio:      5.0E-4
[2018-02-11 19:17:33]: ==================================
[2018-02-11 19:17:33]:   Initial best fitness: 31926.9737
[2018-02-11 19:17:41]: ==================================
[2018-02-11 19:17:41]: Best fitness of scenario 5: 31926.9737
[2018-02-11 19:17:41]: --- End Scenario 5
[2018-02-11 19:17:41]: 
[2018-02-11 19:17:41]: --- New global fitness in scenario 5: 31926.9737
[2018-02-11 19:17:41]: --- Scenario 06
[2018-02-11 19:17:41]: selectionAlgorithm: RouletteWheelSelection
[2018-02-11 19:17:41]: crossoverAlgorithm: PartiallyMatchedCrossover
[2018-02-11 19:17:41]: mutationAlgorithm:  ExchangeMutation
[2018-02-11 19:17:41]: crossoverRatio:     0.6
[2018-02-11 19:17:41]: mutationRatio:      5.0E-4
[2018-02-11 19:17:41]: ==================================
[2018-02-11 19:17:41]:   Initial best fitness: 33044.3350
[2018-02-11 19:17:49]: ==================================
[2018-02-11 19:17:49]: Best fitness of scenario 6: 33044.3350
[2018-02-11 19:17:49]: --- End Scenario 6
[2018-02-11 19:17:49]: 
[2018-02-11 19:17:49]: --- Scenario 07
[2018-02-11 19:17:49]: selectionAlgorithm: RouletteWheelSelection
[2018-02-11 19:17:49]: crossoverAlgorithm: PartiallyMatchedCrossover
[2018-02-11 19:17:49]: mutationAlgorithm:  DisplacementMutation
[2018-02-11 19:17:49]: crossoverRatio:     0.7
[2018-02-11 19:17:49]: mutationRatio:      5.0E-4
[2018-02-11 19:17:49]: ==================================
[2018-02-11 19:17:49]:   Initial best fitness: 31973.9290
[2018-02-11 19:17:57]: ==================================
[2018-02-11 19:17:57]: Best fitness of scenario 7: 31973.9290
[2018-02-11 19:17:57]: --- End Scenario 7
[2018-02-11 19:17:57]: 
[2018-02-11 19:17:57]: --- Scenario 08
[2018-02-11 19:17:57]: selectionAlgorithm: TournamentSelection
[2018-02-11 19:17:57]: crossoverAlgorithm: PartiallyMatchedCrossover
[2018-02-11 19:17:57]: mutationAlgorithm:  DisplacementMutation
[2018-02-11 19:17:57]: crossoverRatio:     0.7
[2018-02-11 19:17:57]: mutationRatio:      5.0E-4
[2018-02-11 19:17:57]: ==================================
[2018-02-11 19:17:57]:   Initial best fitness: 32536.4289
[2018-02-11 19:17:57]: ==================================
[2018-02-11 19:17:57]: Best fitness of scenario 8: 32536.4289
[2018-02-11 19:17:57]: --- End Scenario 8
[2018-02-11 19:17:57]: 
[2018-02-11 19:17:57]: --- Scenario 09
[2018-02-11 19:17:57]: selectionAlgorithm: RouletteWheelSelection
[2018-02-11 19:17:57]: crossoverAlgorithm: PartiallyMatchedCrossover
[2018-02-11 19:17:57]: mutationAlgorithm:  HeuristicMutation
[2018-02-11 19:17:57]: crossoverRatio:     0.7
[2018-02-11 19:17:57]: mutationRatio:      5.0E-4
[2018-02-11 19:17:57]: ==================================
[2018-02-11 19:17:57]:   Initial best fitness: 31418.6752
[2018-02-11 19:18:17]: ==================================
[2018-02-11 19:18:17]: Best fitness of scenario 9: 31418.6752
[2018-02-11 19:18:17]: --- End Scenario 9
[2018-02-11 19:18:17]: 
[2018-02-11 19:18:17]: --- New global fitness in scenario 9: 31418.6752
[2018-02-11 19:18:17]: --- Scenario 10
[2018-02-11 19:18:17]: selectionAlgorithm: RouletteWheelSelection
[2018-02-11 19:18:17]: crossoverAlgorithm: PartiallyMatchedCrossover
[2018-02-11 19:18:17]: mutationAlgorithm:  InsertionMutation
[2018-02-11 19:18:17]: crossoverRatio:     0.7
[2018-02-11 19:18:17]: mutationRatio:      5.0E-4
[2018-02-11 19:18:17]: ==================================
[2018-02-11 19:18:17]:   Initial best fitness: 32566.1947
[2018-02-11 19:18:25]: ==================================
[2018-02-11 19:18:25]: Best fitness of scenario 10: 32566.1947
[2018-02-11 19:18:25]: --- End Scenario 10
[2018-02-11 19:18:25]: 
[2018-02-11 19:18:25]: --- Scenario 11
[2018-02-11 19:18:25]: selectionAlgorithm: RouletteWheelSelection
[2018-02-11 19:18:25]: crossoverAlgorithm: PartiallyMatchedCrossover
[2018-02-11 19:18:25]: mutationAlgorithm:  InversionMutation
[2018-02-11 19:18:25]: crossoverRatio:     0.7
[2018-02-11 19:18:25]: mutationRatio:      5.0E-4
[2018-02-11 19:18:25]: ==================================
[2018-02-11 19:18:25]:   Initial best fitness: 32564.0026
[2018-02-11 19:18:32]: ==================================
[2018-02-11 19:18:32]: Best fitness of scenario 11: 32564.0026
[2018-02-11 19:18:32]: --- End Scenario 11
[2018-02-11 19:18:32]: 
[2018-02-11 19:18:32]: --- Scenario 12
[2018-02-11 19:18:32]: selectionAlgorithm: RouletteWheelSelection
[2018-02-11 19:18:32]: crossoverAlgorithm: CycleCrossover
[2018-02-11 19:18:32]: mutationAlgorithm:  ExchangeMutation
[2018-02-11 19:18:32]: crossoverRatio:     0.7
[2018-02-11 19:18:32]: mutationRatio:      0.005
[2018-02-11 19:18:32]: ==================================
[2018-02-11 19:18:32]:   Initial best fitness: 32706.6016
[2018-02-11 19:18:32]:   --- New best fitness: 32480.8518
[2018-02-11 19:18:32]:   --- New best fitness: 32135.3263
[2018-02-11 19:18:32]:   --- New best fitness: 32121.2144
[2018-02-11 19:18:32]:   --- New best fitness: 31875.4871
[2018-02-11 19:18:32]:   --- New best fitness: 31212.1884
[2018-02-11 19:18:32]:   --- New best fitness: 31053.5054
[2018-02-11 19:18:32]:   --- New best fitness: 31015.6720
[2018-02-11 19:18:32]:   --- New best fitness: 30920.2950
[2018-02-11 19:18:32]:   --- New best fitness: 30895.5413
[2018-02-11 19:18:32]:   --- New best fitness: 30765.2525
[2018-02-11 19:18:32]:   --- New best fitness: 30659.7823
[2018-02-11 19:18:32]:   --- New best fitness: 30616.1040
[2018-02-11 19:18:32]:   --- New best fitness: 30337.2997
[2018-02-11 19:18:32]:   --- New best fitness: 30250.7883
[2018-02-11 19:18:32]:   --- New best fitness: 30175.0919
[2018-02-11 19:18:32]:   --- New best fitness: 30164.5253
[2018-02-11 19:18:32]:   --- New best fitness: 30078.2477
[2018-02-11 19:18:32]:   --- New best fitness: 30067.1265
[2018-02-11 19:18:32]:   --- New best fitness: 30063.1550
[2018-02-11 19:18:32]:   --- New best fitness: 29908.7926
[2018-02-11 19:18:32]:   --- New best fitness: 29734.6814
[2018-02-11 19:18:32]:   --- New best fitness: 29730.5341
[2018-02-11 19:18:32]:   --- New best fitness: 29699.9077
[2018-02-11 19:18:32]:   --- New best fitness: 29670.5443
[2018-02-11 19:18:32]:   --- New best fitness: 29660.3264
[2018-02-11 19:18:32]:   --- New best fitness: 29640.4528
[2018-02-11 19:18:32]:   --- New best fitness: 29578.2765
[2018-02-11 19:18:32]:   --- New best fitness: 29573.6601
[2018-02-11 19:18:32]:   --- New best fitness: 29544.2769
[2018-02-11 19:18:32]:   --- New best fitness: 29465.4054
[2018-02-11 19:18:32]:   --- New best fitness: 29448.3916
[2018-02-11 19:18:32]:   --- New best fitness: 29388.4187
[2018-02-11 19:18:32]:   --- New best fitness: 29380.1713
[2018-02-11 19:18:32]:   --- New best fitness: 29189.1338
[2018-02-11 19:18:32]:   --- New best fitness: 29078.6253
[2018-02-11 19:18:33]:   --- New best fitness: 29013.5483
[2018-02-11 19:18:33]:   --- New best fitness: 28985.9515
[2018-02-11 19:18:33]:   --- New best fitness: 28852.0046
[2018-02-11 19:18:33]:   --- New best fitness: 28806.6605
[2018-02-11 19:18:33]:   --- New best fitness: 28761.4059
[2018-02-11 19:18:33]:   --- New best fitness: 28684.8418
[2018-02-11 19:18:33]:   --- New best fitness: 28666.9442
[2018-02-11 19:18:33]:   --- New best fitness: 28598.2598
[2018-02-11 19:18:33]:   --- New best fitness: 28499.2570
[2018-02-11 19:18:33]:   --- New best fitness: 28434.2511
[2018-02-11 19:18:33]:   --- New best fitness: 28168.8520
[2018-02-11 19:18:33]:   --- New best fitness: 28112.7493
[2018-02-11 19:18:33]:   --- New best fitness: 28089.5188
[2018-02-11 19:18:33]:   --- New best fitness: 27969.3580
[2018-02-11 19:18:33]:   --- New best fitness: 27946.8277
[2018-02-11 19:18:33]:   --- New best fitness: 27940.7192
[2018-02-11 19:18:33]:   --- New best fitness: 27929.9535
[2018-02-11 19:18:33]:   --- New best fitness: 27826.5223
[2018-02-11 19:18:33]:   --- New best fitness: 27818.7668
[2018-02-11 19:18:33]:   --- New best fitness: 27760.2963
[2018-02-11 19:18:33]:   --- New best fitness: 27667.4596
[2018-02-11 19:18:33]:   --- New best fitness: 27397.3053
[2018-02-11 19:18:33]:   --- New best fitness: 27336.6219
[2018-02-11 19:18:33]:   --- New best fitness: 27301.4037
[2018-02-11 19:18:33]:   --- New best fitness: 27015.2960
[2018-02-11 19:18:33]:   --- New best fitness: 26877.6692
[2018-02-11 19:18:33]:   --- New best fitness: 26866.4369
[2018-02-11 19:18:33]:   --- New best fitness: 26831.5311
[2018-02-11 19:18:33]:   --- New best fitness: 26829.2098
[2018-02-11 19:18:33]:   --- New best fitness: 26756.0121
[2018-02-11 19:18:33]:   --- New best fitness: 26645.3570
[2018-02-11 19:18:33]:   --- New best fitness: 26606.5186
[2018-02-11 19:18:33]:   --- New best fitness: 26480.3430
[2018-02-11 19:18:33]:   --- New best fitness: 26426.5790
[2018-02-11 19:18:33]:   --- New best fitness: 26401.8787
[2018-02-11 19:18:33]:   --- New best fitness: 26190.8393
[2018-02-11 19:18:33]:   --- New best fitness: 26126.0096
[2018-02-11 19:18:34]:   --- New best fitness: 26119.9016
[2018-02-11 19:18:34]:   --- New best fitness: 25998.4004
[2018-02-11 19:18:34]:   --- New best fitness: 25980.2171
[2018-02-11 19:18:34]:   --- New best fitness: 25870.6690
[2018-02-11 19:18:34]:   --- New best fitness: 25811.7676
[2018-02-11 19:18:34]:   --- New best fitness: 25811.1356
[2018-02-11 19:18:34]:   --- New best fitness: 25714.5129
[2018-02-11 19:18:34]:   --- New best fitness: 25676.2316
[2018-02-11 19:18:34]:   --- New best fitness: 25660.7698
[2018-02-11 19:18:34]:   --- New best fitness: 25577.0535
[2018-02-11 19:18:34]:   --- New best fitness: 25482.6594
[2018-02-11 19:18:34]:   --- New best fitness: 25414.8377
[2018-02-11 19:18:34]:   --- New best fitness: 25366.1709
[2018-02-11 19:18:34]:   --- New best fitness: 25351.0681
[2018-02-11 19:18:34]:   --- New best fitness: 25302.5579
[2018-02-11 19:18:34]:   --- New best fitness: 25251.8690
[2018-02-11 19:18:34]:   --- New best fitness: 25180.6622
[2018-02-11 19:18:34]:   --- New best fitness: 25136.9456
[2018-02-11 19:18:34]:   --- New best fitness: 25093.7757
[2018-02-11 19:18:34]:   --- New best fitness: 25092.6784
[2018-02-11 19:18:34]:   --- New best fitness: 25053.4060
[2018-02-11 19:18:34]:   --- New best fitness: 25012.7089
[2018-02-11 19:18:34]:   --- New best fitness: 24945.7440
[2018-02-11 19:18:34]:   --- New best fitness: 24809.6550
[2018-02-11 19:18:34]:   --- New best fitness: 24612.3813
[2018-02-11 19:18:34]:   --- New best fitness: 24574.9839
[2018-02-11 19:18:34]:   --- New best fitness: 24566.8404
[2018-02-11 19:18:34]:   --- New best fitness: 24432.2045
[2018-02-11 19:18:34]:   --- New best fitness: 24344.4636
[2018-02-11 19:18:34]:   --- New best fitness: 24270.5194
[2018-02-11 19:18:34]:   --- New best fitness: 24203.4401
[2018-02-11 19:18:34]:   --- New best fitness: 24195.1486
[2018-02-11 19:18:34]:   --- New best fitness: 24157.4303
[2018-02-11 19:18:34]:   --- New best fitness: 24108.5673
[2018-02-11 19:18:34]:   --- New best fitness: 24100.8828
[2018-02-11 19:18:34]:   --- New best fitness: 24022.5936
[2018-02-11 19:18:34]:   --- New best fitness: 23978.6818
[2018-02-11 19:18:34]:   --- New best fitness: 23941.7313
[2018-02-11 19:18:35]:   --- New best fitness: 23930.1768
[2018-02-11 19:18:35]:   --- New best fitness: 23911.8593
[2018-02-11 19:18:35]:   --- New best fitness: 23908.1438
[2018-02-11 19:18:35]:   --- New best fitness: 23896.1075
[2018-02-11 19:18:35]:   --- New best fitness: 23894.1811
[2018-02-11 19:18:35]:   --- New best fitness: 23893.7995
[2018-02-11 19:18:35]:   --- New best fitness: 23884.1302
[2018-02-11 19:18:35]:   --- New best fitness: 23875.4349
[2018-02-11 19:18:35]:   --- New best fitness: 23841.7663
[2018-02-11 19:18:35]:   --- New best fitness: 23830.0783
[2018-02-11 19:18:35]:   --- New best fitness: 23778.1587
[2018-02-11 19:18:35]:   --- New best fitness: 23695.3035
[2018-02-11 19:18:35]:   --- New best fitness: 23573.5256
[2018-02-11 19:18:35]:   --- New best fitness: 23499.9604
[2018-02-11 19:18:35]:   --- New best fitness: 23491.7427
[2018-02-11 19:18:35]:   --- New best fitness: 23428.2150
[2018-02-11 19:18:35]:   --- New best fitness: 23415.2110
[2018-02-11 19:18:35]:   --- New best fitness: 23408.4158
[2018-02-11 19:18:35]:   --- New best fitness: 23406.1719
[2018-02-11 19:18:35]:   --- New best fitness: 23369.2696
[2018-02-11 19:18:35]:   --- New best fitness: 23314.0013
[2018-02-11 19:18:35]:   --- New best fitness: 23255.0132
[2018-02-11 19:18:35]:   --- New best fitness: 23171.9221
[2018-02-11 19:18:35]:   --- New best fitness: 23162.8108
[2018-02-11 19:18:35]:   --- New best fitness: 23058.7182
[2018-02-11 19:18:35]:   --- New best fitness: 23026.0734
[2018-02-11 19:18:35]:   --- New best fitness: 23007.7662
[2018-02-11 19:18:35]:   --- New best fitness: 22973.8336
[2018-02-11 19:18:35]:   --- New best fitness: 22930.1458
[2018-02-11 19:18:35]:   --- New best fitness: 22880.4029
[2018-02-11 19:18:35]:   --- New best fitness: 22819.5153
[2018-02-11 19:18:35]:   --- New best fitness: 22772.7015
[2018-02-11 19:18:35]:   --- New best fitness: 22598.0215
[2018-02-11 19:18:35]:   --- New best fitness: 22577.3902
[2018-02-11 19:18:35]:   --- New best fitness: 22542.0080
[2018-02-11 19:18:35]:   --- New best fitness: 22481.4039
[2018-02-11 19:18:35]:   --- New best fitness: 22375.6106
[2018-02-11 19:18:35]:   --- New best fitness: 22322.1161
[2018-02-11 19:18:35]:   --- New best fitness: 22282.8481
[2018-02-11 19:18:35]:   --- New best fitness: 22195.6234
[2018-02-11 19:18:36]:   --- New best fitness: 22168.1665
[2018-02-11 19:18:36]:   --- New best fitness: 22161.3510
[2018-02-11 19:18:36]:   --- New best fitness: 22157.1913
[2018-02-11 19:18:36]:   --- New best fitness: 21987.5846
[2018-02-11 19:18:36]:   --- New best fitness: 21911.5061
[2018-02-11 19:18:36]:   --- New best fitness: 21900.7970
[2018-02-11 19:18:36]:   --- New best fitness: 21896.7779
[2018-02-11 19:18:36]:   --- New best fitness: 21846.4221
[2018-02-11 19:18:36]:   --- New best fitness: 21806.2936
[2018-02-11 19:18:36]:   --- New best fitness: 21793.6025
[2018-02-11 19:18:36]:   --- New best fitness: 21749.1361
[2018-02-11 19:18:36]:   --- New best fitness: 21692.0981
[2018-02-11 19:18:36]:   --- New best fitness: 21649.5308
[2018-02-11 19:18:36]:   --- New best fitness: 21610.7817
[2018-02-11 19:18:36]:   --- New best fitness: 21582.6236
[2018-02-11 19:18:36]:   --- New best fitness: 21444.6245
[2018-02-11 19:18:36]:   --- New best fitness: 21408.2039
[2018-02-11 19:18:36]:   --- New best fitness: 21402.7429
[2018-02-11 19:18:36]:   --- New best fitness: 21397.8509
[2018-02-11 19:18:36]:   --- New best fitness: 21351.4016
[2018-02-11 19:18:36]:   --- New best fitness: 21243.6802
[2018-02-11 19:18:36]:   --- New best fitness: 21221.5780
[2018-02-11 19:18:36]:   --- New best fitness: 21184.3771
[2018-02-11 19:18:36]:   --- New best fitness: 21156.0608
[2018-02-11 19:18:36]:   --- New best fitness: 21114.3642
[2018-02-11 19:18:36]:   --- New best fitness: 21015.6531
[2018-02-11 19:18:36]:   --- New best fitness: 20938.7594
[2018-02-11 19:18:37]:   --- New best fitness: 20899.5147
[2018-02-11 19:18:37]:   --- New best fitness: 20897.7161
[2018-02-11 19:18:37]:   --- New best fitness: 20859.8411
[2018-02-11 19:18:37]:   --- New best fitness: 20844.6389
[2018-02-11 19:18:37]:   --- New best fitness: 20836.7171
[2018-02-11 19:18:37]:   --- New best fitness: 20833.2287
[2018-02-11 19:18:37]:   --- New best fitness: 20824.9546
[2018-02-11 19:18:37]:   --- New best fitness: 20756.0221
[2018-02-11 19:18:37]:   --- New best fitness: 20690.5355
[2018-02-11 19:18:37]:   --- New best fitness: 20646.7841
[2018-02-11 19:18:37]:   --- New best fitness: 20611.9405
[2018-02-11 19:18:37]:   --- New best fitness: 20549.4899
[2018-02-11 19:18:37]:   --- New best fitness: 20542.4012
[2018-02-11 19:18:37]:   --- New best fitness: 20416.8964
[2018-02-11 19:18:37]: ==================================
[2018-02-11 19:18:37]: Best fitness of scenario 12: 20416.8964
[2018-02-11 19:18:37]: --- End Scenario 12
[2018-02-11 19:18:37]: 
[2018-02-11 19:18:37]: --- New global fitness in scenario 12: 20416.8964
[2018-02-11 19:18:37]: --- Scenario 13
[2018-02-11 19:18:37]: selectionAlgorithm: RouletteWheelSelection
[2018-02-11 19:18:37]: crossoverAlgorithm: CycleCrossover
[2018-02-11 19:18:37]: mutationAlgorithm:  ExchangeMutation
[2018-02-11 19:18:37]: crossoverRatio:     0.7
[2018-02-11 19:18:37]: mutationRatio:      5.0E-4
[2018-02-11 19:18:37]: ==================================
[2018-02-11 19:18:37]:   Initial best fitness: 32380.9457
[2018-02-11 19:18:37]:   --- New best fitness: 32028.8924
[2018-02-11 19:18:37]:   --- New best fitness: 31431.7622
[2018-02-11 19:18:37]:   --- New best fitness: 31371.2093
[2018-02-11 19:18:37]:   --- New best fitness: 30824.5704
[2018-02-11 19:18:37]:   --- New best fitness: 30777.2337
[2018-02-11 19:18:37]:   --- New best fitness: 30761.7923
[2018-02-11 19:18:37]:   --- New best fitness: 30647.1079
[2018-02-11 19:18:38]:   --- New best fitness: 30480.9865
[2018-02-11 19:18:38]:   --- New best fitness: 30345.3526
[2018-02-11 19:18:38]:   --- New best fitness: 29958.9445
[2018-02-11 19:18:38]:   --- New best fitness: 29687.1424
[2018-02-11 19:18:39]:   --- New best fitness: 29458.0248
[2018-02-11 19:18:39]:   --- New best fitness: 29418.6578
[2018-02-11 19:18:39]:   --- New best fitness: 29318.0073
[2018-02-11 19:18:39]:   --- New best fitness: 29243.7004
[2018-02-11 19:18:39]:   --- New best fitness: 29224.4703
[2018-02-11 19:18:40]:   --- New best fitness: 29218.3042
[2018-02-11 19:18:40]:   --- New best fitness: 29149.4257
[2018-02-11 19:18:40]:   --- New best fitness: 29114.9896
[2018-02-11 19:18:40]:   --- New best fitness: 28703.0234
[2018-02-11 19:18:40]:   --- New best fitness: 28626.1248
[2018-02-11 19:18:40]:   --- New best fitness: 28581.7845
[2018-02-11 19:18:40]:   --- New best fitness: 28505.4025
[2018-02-11 19:18:40]:   --- New best fitness: 28384.8859
[2018-02-11 19:18:41]:   --- New best fitness: 28117.2877
[2018-02-11 19:18:41]:   --- New best fitness: 28108.9772
[2018-02-11 19:18:41]:   --- New best fitness: 27886.7727
[2018-02-11 19:18:41]:   --- New best fitness: 27847.0518
[2018-02-11 19:18:41]:   --- New best fitness: 27831.6873
[2018-02-11 19:18:41]:   --- New best fitness: 27811.8492
[2018-02-11 19:18:42]:   --- New best fitness: 27608.0479
[2018-02-11 19:18:42]:   --- New best fitness: 27490.5048
[2018-02-11 19:18:42]:   --- New best fitness: 27471.2418
[2018-02-11 19:18:42]:   --- New best fitness: 27464.4966
[2018-02-11 19:18:42]:   --- New best fitness: 27248.7508
[2018-02-11 19:18:42]:   --- New best fitness: 27217.1324
[2018-02-11 19:18:43]:   --- New best fitness: 27146.5680
[2018-02-11 19:18:43]:   --- New best fitness: 27112.0035
[2018-02-11 19:18:43]:   --- New best fitness: 27080.7455
[2018-02-11 19:18:43]: ==================================
[2018-02-11 19:18:43]: Best fitness of scenario 13: 27080.7455
[2018-02-11 19:18:43]: --- End Scenario 13
[2018-02-11 19:18:43]: 
[2018-02-11 19:18:43]: --- Scenario 14
[2018-02-11 19:18:43]: selectionAlgorithm: TournamentSelection
[2018-02-11 19:18:43]: crossoverAlgorithm: CycleCrossover
[2018-02-11 19:18:43]: mutationAlgorithm:  ExchangeMutation
[2018-02-11 19:18:43]: crossoverRatio:     0.7
[2018-02-11 19:18:43]: mutationRatio:      5.0E-4
[2018-02-11 19:18:43]: ==================================
[2018-02-11 19:18:43]:   Initial best fitness: 32139.3931
[2018-02-11 19:18:44]: ==================================
[2018-02-11 19:18:44]: Best fitness of scenario 14: 32139.3931
[2018-02-11 19:18:44]: --- End Scenario 14
[2018-02-11 19:18:44]: 
[2018-02-11 19:18:44]: --- Scenario 15
[2018-02-11 19:18:44]: selectionAlgorithm: RouletteWheelSelection
[2018-02-11 19:18:44]: crossoverAlgorithm: HeuristicCrossover
[2018-02-11 19:18:44]: mutationAlgorithm:  ExchangeMutation
[2018-02-11 19:18:44]: crossoverRatio:     0.7
[2018-02-11 19:18:44]: mutationRatio:      5.0E-4
[2018-02-11 19:18:44]: ==================================
[2018-02-11 19:18:44]:   Initial best fitness: 31932.4611
[2018-02-11 19:18:44]:   --- New best fitness: 3367.2773
[2018-02-11 19:18:44]:   --- New best fitness: 3241.4430
[2018-02-11 19:18:44]:   --- New best fitness: 3222.6447
[2018-02-11 19:18:44]:   --- New best fitness: 3151.2567
[2018-02-11 19:18:44]:   --- New best fitness: 3102.9661
[2018-02-11 19:18:44]:   --- New best fitness: 3073.4594
[2018-02-11 19:18:44]:   --- New best fitness: 3041.4240
[2018-02-11 19:18:44]:   --- New best fitness: 2993.1011
[2018-02-11 19:18:45]:   --- New best fitness: 2984.7378
[2018-02-11 19:18:46]:   --- New best fitness: 2978.3563
[2018-02-11 19:18:47]:   --- New best fitness: 2964.0961
[2018-02-11 19:18:55]:   --- New best fitness: 2961.3860
[2018-02-11 19:18:57]:   --- New best fitness: 2957.8409
[2018-02-11 19:18:57]:   --- New best fitness: 2935.4790
[2018-02-11 19:19:02]:   --- New best fitness: 2921.7873
[2018-02-11 19:19:03]: ==================================
[2018-02-11 19:19:03]: Best fitness of scenario 15: 2921.7873
[2018-02-11 19:19:03]: --- End Scenario 15
[2018-02-11 19:19:03]: 
[2018-02-11 19:19:03]: --- New global fitness in scenario 15: 2921.7873
[2018-02-11 19:19:03]: --- Scenario 16
[2018-02-11 19:19:03]: selectionAlgorithm: RouletteWheelSelection
[2018-02-11 19:19:03]: crossoverAlgorithm: HeuristicCrossover
[2018-02-11 19:19:03]: mutationAlgorithm:  InsertionMutation
[2018-02-11 19:19:03]: crossoverRatio:     0.7
[2018-02-11 19:19:03]: mutationRatio:      5.0E-4
[2018-02-11 19:19:03]: ==================================
[2018-02-11 19:19:03]:   Initial best fitness: 32400.8954
[2018-02-11 19:19:03]:   --- New best fitness: 3359.1453
[2018-02-11 19:19:03]:   --- New best fitness: 3356.7341
[2018-02-11 19:19:03]:   --- New best fitness: 3217.8996
[2018-02-11 19:19:03]:   --- New best fitness: 3200.6130
[2018-02-11 19:19:03]:   --- New best fitness: 3184.4323
[2018-02-11 19:19:03]:   --- New best fitness: 3184.2929
[2018-02-11 19:19:03]:   --- New best fitness: 3156.6828
[2018-02-11 19:19:03]:   --- New best fitness: 3110.4069
[2018-02-11 19:19:03]:   --- New best fitness: 3095.4310
[2018-02-11 19:19:03]:   --- New best fitness: 3083.7420
[2018-02-11 19:19:04]:   --- New best fitness: 3074.6580
[2018-02-11 19:19:04]:   --- New best fitness: 3055.7441
[2018-02-11 19:19:04]:   --- New best fitness: 3045.4431
[2018-02-11 19:19:04]:   --- New best fitness: 3017.7145
[2018-02-11 19:19:04]:   --- New best fitness: 3009.0263
[2018-02-11 19:19:05]:   --- New best fitness: 2994.2489
[2018-02-11 19:19:06]:   --- New best fitness: 2992.3749
[2018-02-11 19:19:06]:   --- New best fitness: 2966.5286
[2018-02-11 19:19:06]:   --- New best fitness: 2966.4679
[2018-02-11 19:19:07]:   --- New best fitness: 2964.9874
[2018-02-11 19:19:08]:   --- New best fitness: 2961.0612
[2018-02-11 19:19:17]:   --- New best fitness: 2946.5328
[2018-02-11 19:19:21]: ==================================
[2018-02-11 19:19:21]: Best fitness of scenario 16: 2946.5328
[2018-02-11 19:19:21]: --- End Scenario 16
[2018-02-11 19:19:21]: 
[2018-02-11 19:19:21]: --- Scenario 17
[2018-02-11 19:19:21]: selectionAlgorithm: RouletteWheelSelection
[2018-02-11 19:19:21]: crossoverAlgorithm: HeuristicCrossover
[2018-02-11 19:19:21]: mutationAlgorithm:  InversionMutation
[2018-02-11 19:19:21]: crossoverRatio:     0.7
[2018-02-11 19:19:21]: mutationRatio:      5.0E-4
[2018-02-11 19:19:21]: ==================================
[2018-02-11 19:19:21]:   Initial best fitness: 32994.0985
[2018-02-11 19:19:21]:   --- New best fitness: 3199.0656
[2018-02-11 19:19:22]:   --- New best fitness: 3188.7661
[2018-02-11 19:19:22]:   --- New best fitness: 3185.8680
[2018-02-11 19:19:22]:   --- New best fitness: 3174.9363
[2018-02-11 19:19:22]:   --- New best fitness: 3169.6760
[2018-02-11 19:19:22]:   --- New best fitness: 3157.9640
[2018-02-11 19:19:22]:   --- New best fitness: 3156.7213
[2018-02-11 19:19:22]:   --- New best fitness: 3142.1738
[2018-02-11 19:19:22]:   --- New best fitness: 3136.9371
[2018-02-11 19:19:22]:   --- New best fitness: 3132.5732
[2018-02-11 19:19:22]:   --- New best fitness: 3075.1244
[2018-02-11 19:19:22]:   --- New best fitness: 3031.1139
[2018-02-11 19:19:24]:   --- New best fitness: 3016.6575
[2018-02-11 19:19:24]:   --- New best fitness: 2998.4877
[2018-02-11 19:19:25]:   --- New best fitness: 2997.6918
[2018-02-11 19:19:25]:   --- New best fitness: 2995.9090
[2018-02-11 19:19:26]:   --- New best fitness: 2965.4691
[2018-02-11 19:19:29]:   --- New best fitness: 2963.5044
[2018-02-11 19:19:34]:   --- New best fitness: 2957.4730
[2018-02-11 19:19:40]: ==================================
[2018-02-11 19:19:40]: Best fitness of scenario 17: 2957.4730
[2018-02-11 19:19:40]: --- End Scenario 17
[2018-02-11 19:19:40]: 
[2018-02-11 19:19:40]: --- Scenario 18
[2018-02-11 19:19:40]: selectionAlgorithm: TournamentSelection
[2018-02-11 19:19:40]: crossoverAlgorithm: OrderedCrossover
[2018-02-11 19:19:40]: mutationAlgorithm:  ExchangeMutation
[2018-02-11 19:19:40]: crossoverRatio:     0.7
[2018-02-11 19:19:40]: mutationRatio:      5.0E-4
[2018-02-11 19:19:40]: ==================================
[2018-02-11 19:19:40]:   Initial best fitness: 31063.8938
[2018-02-11 19:19:41]: ==================================
[2018-02-11 19:19:41]: Best fitness of scenario 18: 31063.8938
[2018-02-11 19:19:41]: --- End Scenario 18
[2018-02-11 19:19:41]: 
[2018-02-11 19:19:41]: --- Scenario 19
[2018-02-11 19:19:41]: selectionAlgorithm: RouletteWheelSelection
[2018-02-11 19:19:41]: crossoverAlgorithm: OrderedCrossover
[2018-02-11 19:19:41]: mutationAlgorithm:  DisplacementMutation
[2018-02-11 19:19:41]: crossoverRatio:     0.7
[2018-02-11 19:19:41]: mutationRatio:      5.0E-4
[2018-02-11 19:19:41]: ==================================
[2018-02-11 19:19:41]:   Initial best fitness: 32682.8895
[2018-02-11 19:19:41]:   --- New best fitness: 32233.3499
[2018-02-11 19:19:41]:   --- New best fitness: 31818.4415
[2018-02-11 19:19:41]:   --- New best fitness: 31270.8397
[2018-02-11 19:19:41]:   --- New best fitness: 31112.1826
[2018-02-11 19:19:41]:   --- New best fitness: 31083.8136
[2018-02-11 19:19:41]:   --- New best fitness: 30983.5656
[2018-02-11 19:19:41]:   --- New best fitness: 30940.7014
[2018-02-11 19:19:41]:   --- New best fitness: 30815.6602
[2018-02-11 19:19:41]:   --- New best fitness: 30542.9785
[2018-02-11 19:19:41]:   --- New best fitness: 30504.0996
[2018-02-11 19:19:41]:   --- New best fitness: 30089.8940
[2018-02-11 19:19:41]:   --- New best fitness: 29848.6549
[2018-02-11 19:19:41]:   --- New best fitness: 29679.2345
[2018-02-11 19:19:41]:   --- New best fitness: 29527.1979
[2018-02-11 19:19:41]:   --- New best fitness: 29509.2152
[2018-02-11 19:19:41]:   --- New best fitness: 29378.9552
[2018-02-11 19:19:41]:   --- New best fitness: 29015.7218
[2018-02-11 19:19:41]:   --- New best fitness: 28531.4429
[2018-02-11 19:19:41]:   --- New best fitness: 28448.6505
[2018-02-11 19:19:41]:   --- New best fitness: 28286.1265
[2018-02-11 19:19:41]:   --- New best fitness: 28240.9074
[2018-02-11 19:19:42]:   --- New best fitness: 27937.6961
[2018-02-11 19:19:42]:   --- New best fitness: 27814.8531
[2018-02-11 19:19:42]:   --- New best fitness: 27668.1314
[2018-02-11 19:19:42]:   --- New best fitness: 27625.5052
[2018-02-11 19:19:42]:   --- New best fitness: 27490.5443
[2018-02-11 19:19:42]:   --- New best fitness: 27425.7180
[2018-02-11 19:19:42]:   --- New best fitness: 27264.9270
[2018-02-11 19:19:42]:   --- New best fitness: 27141.7267
[2018-02-11 19:19:43]:   --- New best fitness: 27129.3673
[2018-02-11 19:19:43]:   --- New best fitness: 27087.7458
[2018-02-11 19:19:43]:   --- New best fitness: 26922.6724
[2018-02-11 19:19:43]:   --- New best fitness: 26550.9333
[2018-02-11 19:19:43]:   --- New best fitness: 25995.9469
[2018-02-11 19:19:43]:   --- New best fitness: 25947.6253
[2018-02-11 19:19:43]:   --- New best fitness: 25697.1361
[2018-02-11 19:19:43]:   --- New best fitness: 25670.9286
[2018-02-11 19:19:43]:   --- New best fitness: 25410.1031
[2018-02-11 19:19:43]:   --- New best fitness: 25302.5245
[2018-02-11 19:19:43]:   --- New best fitness: 25272.5447
[2018-02-11 19:19:43]:   --- New best fitness: 25038.5771
[2018-02-11 19:19:43]:   --- New best fitness: 24758.5756
[2018-02-11 19:19:43]:   --- New best fitness: 24758.3951
[2018-02-11 19:19:43]:   --- New best fitness: 24569.7571
[2018-02-11 19:19:43]:   --- New best fitness: 24502.0568
[2018-02-11 19:19:43]:   --- New best fitness: 24255.8356
[2018-02-11 19:19:43]:   --- New best fitness: 24252.6335
[2018-02-11 19:19:43]:   --- New best fitness: 24175.8066
[2018-02-11 19:19:44]:   --- New best fitness: 24147.0982
[2018-02-11 19:19:44]:   --- New best fitness: 24136.7368
[2018-02-11 19:19:44]:   --- New best fitness: 24129.2245
[2018-02-11 19:19:44]:   --- New best fitness: 23798.0244
[2018-02-11 19:19:44]:   --- New best fitness: 23389.9917
[2018-02-11 19:19:44]:   --- New best fitness: 23065.3920
[2018-02-11 19:19:44]:   --- New best fitness: 23051.7295
[2018-02-11 19:19:44]:   --- New best fitness: 22985.0290
[2018-02-11 19:19:44]:   --- New best fitness: 22890.0599
[2018-02-11 19:19:44]:   --- New best fitness: 22832.9866
[2018-02-11 19:19:44]:   --- New best fitness: 22785.2786
[2018-02-11 19:19:44]:   --- New best fitness: 22724.6410
[2018-02-11 19:19:44]:   --- New best fitness: 22712.2488
[2018-02-11 19:19:44]:   --- New best fitness: 22585.6695
[2018-02-11 19:19:44]:   --- New best fitness: 22513.4778
[2018-02-11 19:19:44]:   --- New best fitness: 22480.0301
[2018-02-11 19:19:44]:   --- New best fitness: 22457.9621
[2018-02-11 19:19:44]:   --- New best fitness: 22398.5880
[2018-02-11 19:19:44]:   --- New best fitness: 22240.9024
[2018-02-11 19:19:44]:   --- New best fitness: 21907.9324
[2018-02-11 19:19:45]:   --- New best fitness: 21896.6392
[2018-02-11 19:19:45]:   --- New best fitness: 21785.5177
[2018-02-11 19:19:45]:   --- New best fitness: 21456.7835
[2018-02-11 19:19:45]:   --- New best fitness: 21365.9383
[2018-02-11 19:19:45]:   --- New best fitness: 21275.2123
[2018-02-11 19:19:45]:   --- New best fitness: 21268.7892
[2018-02-11 19:19:45]:   --- New best fitness: 21242.3626
[2018-02-11 19:19:45]:   --- New best fitness: 21147.9835
[2018-02-11 19:19:45]:   --- New best fitness: 21105.2963
[2018-02-11 19:19:45]:   --- New best fitness: 21057.7876
[2018-02-11 19:19:45]:   --- New best fitness: 20998.5435
[2018-02-11 19:19:45]:   --- New best fitness: 20978.8912
[2018-02-11 19:19:45]:   --- New best fitness: 20860.5547
[2018-02-11 19:19:45]:   --- New best fitness: 20856.5997
[2018-02-11 19:19:45]:   --- New best fitness: 20812.7812
[2018-02-11 19:19:45]:   --- New best fitness: 20790.0392
[2018-02-11 19:19:45]:   --- New best fitness: 20740.8865
[2018-02-11 19:19:45]:   --- New best fitness: 20732.9808
[2018-02-11 19:19:45]:   --- New best fitness: 20706.9395
[2018-02-11 19:19:45]:   --- New best fitness: 20683.8936
[2018-02-11 19:19:45]:   --- New best fitness: 20648.8051
[2018-02-11 19:19:45]:   --- New best fitness: 20596.9522
[2018-02-11 19:19:45]:   --- New best fitness: 20483.3761
[2018-02-11 19:19:45]:   --- New best fitness: 20401.4964
[2018-02-11 19:19:46]:   --- New best fitness: 20355.6406
[2018-02-11 19:19:46]:   --- New best fitness: 20285.9251
[2018-02-11 19:19:46]:   --- New best fitness: 20265.8540
[2018-02-11 19:19:46]:   --- New best fitness: 20140.6737
[2018-02-11 19:19:46]:   --- New best fitness: 20118.6042
[2018-02-11 19:19:46]:   --- New best fitness: 20065.1303
[2018-02-11 19:19:46]:   --- New best fitness: 20065.0405
[2018-02-11 19:19:46]:   --- New best fitness: 19977.9474
[2018-02-11 19:19:46]:   --- New best fitness: 19930.1664
[2018-02-11 19:19:46]:   --- New best fitness: 19865.0986
[2018-02-11 19:19:46]:   --- New best fitness: 19813.5621
[2018-02-11 19:19:46]:   --- New best fitness: 19804.3395
[2018-02-11 19:19:46]:   --- New best fitness: 19789.7835
[2018-02-11 19:19:46]:   --- New best fitness: 19634.8782
[2018-02-11 19:19:46]:   --- New best fitness: 19490.4246
[2018-02-11 19:19:46]:   --- New best fitness: 19432.1065
[2018-02-11 19:19:47]:   --- New best fitness: 19427.2078
[2018-02-11 19:19:47]:   --- New best fitness: 19389.5452
[2018-02-11 19:19:47]:   --- New best fitness: 19363.4454
[2018-02-11 19:19:47]:   --- New best fitness: 19351.0526
[2018-02-11 19:19:47]:   --- New best fitness: 19332.8797
[2018-02-11 19:19:47]:   --- New best fitness: 19263.6851
[2018-02-11 19:19:47]:   --- New best fitness: 19232.8402
[2018-02-11 19:19:47]:   --- New best fitness: 19171.1667
[2018-02-11 19:19:47]:   --- New best fitness: 19021.5034
[2018-02-11 19:19:47]:   --- New best fitness: 18932.2763
[2018-02-11 19:19:47]:   --- New best fitness: 18877.2162
[2018-02-11 19:19:47]:   --- New best fitness: 18857.5924
[2018-02-11 19:19:47]:   --- New best fitness: 18804.0690
[2018-02-11 19:19:47]:   --- New best fitness: 18798.8637
[2018-02-11 19:19:47]:   --- New best fitness: 18786.9288
[2018-02-11 19:19:47]:   --- New best fitness: 18710.5503
[2018-02-11 19:19:47]:   --- New best fitness: 18630.6304
[2018-02-11 19:19:47]:   --- New best fitness: 18627.0411
[2018-02-11 19:19:47]:   --- New best fitness: 18600.7761
[2018-02-11 19:19:47]:   --- New best fitness: 18391.8019
[2018-02-11 19:19:48]:   --- New best fitness: 18298.2087
[2018-02-11 19:19:48]:   --- New best fitness: 18276.9138
[2018-02-11 19:19:48]:   --- New best fitness: 18274.7822
[2018-02-11 19:19:48]:   --- New best fitness: 18182.9701
[2018-02-11 19:19:48]:   --- New best fitness: 18113.7587
[2018-02-11 19:19:48]:   --- New best fitness: 18110.7737
[2018-02-11 19:19:48]:   --- New best fitness: 18022.6389
[2018-02-11 19:19:48]:   --- New best fitness: 18020.2577
[2018-02-11 19:19:48]:   --- New best fitness: 17900.5931
[2018-02-11 19:19:48]:   --- New best fitness: 17759.6857
[2018-02-11 19:19:48]:   --- New best fitness: 17750.6450
[2018-02-11 19:19:48]:   --- New best fitness: 17610.4892
[2018-02-11 19:19:48]:   --- New best fitness: 17605.9887
[2018-02-11 19:19:48]:   --- New best fitness: 17542.0108
[2018-02-11 19:19:48]:   --- New best fitness: 17438.4890
[2018-02-11 19:19:48]:   --- New best fitness: 17389.4402
[2018-02-11 19:19:48]:   --- New best fitness: 17382.4546
[2018-02-11 19:19:48]:   --- New best fitness: 17377.7836
[2018-02-11 19:19:48]:   --- New best fitness: 17318.8223
[2018-02-11 19:19:48]:   --- New best fitness: 17311.7399
[2018-02-11 19:19:48]:   --- New best fitness: 17298.6859
[2018-02-11 19:19:48]:   --- New best fitness: 17281.2743
[2018-02-11 19:19:48]:   --- New best fitness: 17233.2509
[2018-02-11 19:19:48]:   --- New best fitness: 17232.0649
[2018-02-11 19:19:48]:   --- New best fitness: 17196.4941
[2018-02-11 19:19:48]:   --- New best fitness: 17178.1121
[2018-02-11 19:19:49]:   --- New best fitness: 17147.2846
[2018-02-11 19:19:49]:   --- New best fitness: 17103.9496
[2018-02-11 19:19:49]:   --- New best fitness: 17027.4791
[2018-02-11 19:19:49]:   --- New best fitness: 17026.6890
[2018-02-11 19:19:49]:   --- New best fitness: 17001.4153
[2018-02-11 19:19:49]:   --- New best fitness: 16998.3027
[2018-02-11 19:19:49]:   --- New best fitness: 16967.0679
[2018-02-11 19:19:49]:   --- New best fitness: 16933.3674
[2018-02-11 19:19:49]:   --- New best fitness: 16933.3235
[2018-02-11 19:19:49]:   --- New best fitness: 16928.7359
[2018-02-11 19:19:49]:   --- New best fitness: 16908.9207
[2018-02-11 19:19:50]:   --- New best fitness: 16849.0607
[2018-02-11 19:19:50]:   --- New best fitness: 16848.7997
[2018-02-11 19:19:50]:   --- New best fitness: 16784.8901
[2018-02-11 19:19:50]:   --- New best fitness: 16770.2114
[2018-02-11 19:19:50]:   --- New best fitness: 16764.4038
[2018-02-11 19:19:50]:   --- New best fitness: 16762.2576
[2018-02-11 19:19:50]:   --- New best fitness: 16735.6698
[2018-02-11 19:19:50]:   --- New best fitness: 16727.5733
[2018-02-11 19:19:50]:   --- New best fitness: 16674.2550
[2018-02-11 19:19:50]:   --- New best fitness: 16668.4480
[2018-02-11 19:19:50]:   --- New best fitness: 16664.2033
[2018-02-11 19:19:50]:   --- New best fitness: 16658.8017
[2018-02-11 19:19:50]:   --- New best fitness: 16645.4866
[2018-02-11 19:19:50]:   --- New best fitness: 16571.0607
[2018-02-11 19:19:50]:   --- New best fitness: 16566.6898
[2018-02-11 19:19:50]:   --- New best fitness: 16535.1399
[2018-02-11 19:19:50]:   --- New best fitness: 16530.8951
[2018-02-11 19:19:50]:   --- New best fitness: 16520.1062
[2018-02-11 19:19:50]:   --- New best fitness: 16515.8615
[2018-02-11 19:19:50]:   --- New best fitness: 16503.9542
[2018-02-11 19:19:50]:   --- New best fitness: 16455.5291
[2018-02-11 19:19:50]:   --- New best fitness: 16407.6308
[2018-02-11 19:19:50]:   --- New best fitness: 16389.9867
[2018-02-11 19:19:50]:   --- New best fitness: 16353.2017
[2018-02-11 19:19:50]:   --- New best fitness: 16348.9570
[2018-02-11 19:19:50]:   --- New best fitness: 16272.0664
[2018-02-11 19:19:50]:   --- New best fitness: 16199.4223
[2018-02-11 19:19:50]:   --- New best fitness: 16155.0409
[2018-02-11 19:19:50]:   --- New best fitness: 16146.8685
[2018-02-11 19:19:50]:   --- New best fitness: 16130.1062
[2018-02-11 19:19:51]:   --- New best fitness: 16095.0701
[2018-02-11 19:19:51]:   --- New best fitness: 16094.2631
[2018-02-11 19:19:51]:   --- New best fitness: 16086.3336
[2018-02-11 19:19:51]:   --- New best fitness: 16029.5568
[2018-02-11 19:19:51]:   --- New best fitness: 15899.4718
[2018-02-11 19:19:51]:   --- New best fitness: 15869.2571
[2018-02-11 19:19:51]:   --- New best fitness: 15840.4972
[2018-02-11 19:19:52]:   --- New best fitness: 15800.2557
[2018-02-11 19:19:52]:   --- New best fitness: 15722.1996
[2018-02-11 19:19:52]:   --- New best fitness: 15659.9413
[2018-02-11 19:19:52]:   --- New best fitness: 15635.8995
[2018-02-11 19:19:52]:   --- New best fitness: 15571.9488
[2018-02-11 19:19:53]:   --- New best fitness: 15570.7359
[2018-02-11 19:19:53]:   --- New best fitness: 15564.6725
[2018-02-11 19:19:53]:   --- New best fitness: 15564.5876
[2018-02-11 19:19:53]:   --- New best fitness: 15550.5709
[2018-02-11 19:19:53]:   --- New best fitness: 15519.0926
[2018-02-11 19:19:53]:   --- New best fitness: 15511.0638
[2018-02-11 19:19:53]:   --- New best fitness: 15496.7354
[2018-02-11 19:19:53]:   --- New best fitness: 15471.7950
[2018-02-11 19:19:53]:   --- New best fitness: 15444.7205
[2018-02-11 19:19:53]:   --- New best fitness: 15397.2918
[2018-02-11 19:19:53]:   --- New best fitness: 15370.0620
[2018-02-11 19:19:53]:   --- New best fitness: 15329.4713
[2018-02-11 19:19:53]:   --- New best fitness: 15305.5506
[2018-02-11 19:19:53]:   --- New best fitness: 15265.9422
[2018-02-11 19:19:53]:   --- New best fitness: 15262.9084
[2018-02-11 19:19:53]:   --- New best fitness: 15228.6676
[2018-02-11 19:19:53]:   --- New best fitness: 15165.1385
[2018-02-11 19:19:53]:   --- New best fitness: 15135.6746
[2018-02-11 19:19:53]:   --- New best fitness: 15096.9526
[2018-02-11 19:19:53]:   --- New best fitness: 15075.2470
[2018-02-11 19:19:53]:   --- New best fitness: 14993.9817
[2018-02-11 19:19:53]: ==================================
[2018-02-11 19:19:53]: Best fitness of scenario 19: 14993.9817
[2018-02-11 19:19:53]: --- End Scenario 19
[2018-02-11 19:19:53]: 
[2018-02-11 19:19:53]: --- Scenario 20
[2018-02-11 19:19:53]: selectionAlgorithm: RouletteWheelSelection
[2018-02-11 19:19:53]: crossoverAlgorithm: OrderedCrossover
[2018-02-11 19:19:53]: mutationAlgorithm:  InsertionMutation
[2018-02-11 19:19:53]: crossoverRatio:     0.7
[2018-02-11 19:19:53]: mutationRatio:      5.0E-4
[2018-02-11 19:19:53]: ==================================
[2018-02-11 19:19:53]:   Initial best fitness: 31670.7772
[2018-02-11 19:19:53]:   --- New best fitness: 31581.3970
[2018-02-11 19:19:53]:   --- New best fitness: 30759.6318
[2018-02-11 19:19:53]:   --- New best fitness: 30621.9830
[2018-02-11 19:19:53]:   --- New best fitness: 30550.7324
[2018-02-11 19:19:53]:   --- New best fitness: 30297.2114
[2018-02-11 19:19:53]:   --- New best fitness: 30099.3780
[2018-02-11 19:19:53]:   --- New best fitness: 30090.3200
[2018-02-11 19:19:53]:   --- New best fitness: 29982.3972
[2018-02-11 19:19:53]:   --- New best fitness: 29782.2167
[2018-02-11 19:19:53]:   --- New best fitness: 29548.4542
[2018-02-11 19:19:53]:   --- New best fitness: 29388.5988
[2018-02-11 19:19:53]:   --- New best fitness: 29302.5461
[2018-02-11 19:19:54]:   --- New best fitness: 28669.7278
[2018-02-11 19:19:54]:   --- New best fitness: 28253.6183
[2018-02-11 19:19:54]:   --- New best fitness: 28151.2042
[2018-02-11 19:19:54]:   --- New best fitness: 28065.3194
[2018-02-11 19:19:54]:   --- New best fitness: 27916.4940
[2018-02-11 19:19:54]:   --- New best fitness: 27874.0410
[2018-02-11 19:19:54]:   --- New best fitness: 27839.0003
[2018-02-11 19:19:54]:   --- New best fitness: 27823.3806
[2018-02-11 19:19:54]:   --- New best fitness: 27454.8578
[2018-02-11 19:19:54]:   --- New best fitness: 27268.8822
[2018-02-11 19:19:54]:   --- New best fitness: 26962.9436
[2018-02-11 19:19:54]:   --- New best fitness: 26954.4873
[2018-02-11 19:19:54]:   --- New best fitness: 26867.3005
[2018-02-11 19:19:54]:   --- New best fitness: 26785.5071
[2018-02-11 19:19:54]:   --- New best fitness: 26713.8941
[2018-02-11 19:19:54]:   --- New best fitness: 26668.4825
[2018-02-11 19:19:54]:   --- New best fitness: 26616.7495
[2018-02-11 19:19:54]:   --- New best fitness: 26593.0010
[2018-02-11 19:19:54]:   --- New best fitness: 25923.3489
[2018-02-11 19:19:54]:   --- New best fitness: 25751.0529
[2018-02-11 19:19:54]:   --- New best fitness: 25585.8946
[2018-02-11 19:19:54]:   --- New best fitness: 25433.2874
[2018-02-11 19:19:54]:   --- New best fitness: 24947.3032
[2018-02-11 19:19:54]:   --- New best fitness: 24803.6082
[2018-02-11 19:19:55]:   --- New best fitness: 24435.7345
[2018-02-11 19:19:55]:   --- New best fitness: 24247.0012
[2018-02-11 19:19:55]:   --- New best fitness: 24082.0824
[2018-02-11 19:19:55]:   --- New best fitness: 23993.8963
[2018-02-11 19:19:55]:   --- New best fitness: 23917.2705
[2018-02-11 19:19:55]:   --- New best fitness: 23785.5405
[2018-02-11 19:19:55]:   --- New best fitness: 23675.5085
[2018-02-11 19:19:55]:   --- New best fitness: 23586.6153
[2018-02-11 19:19:55]:   --- New best fitness: 23554.1204
[2018-02-11 19:19:55]:   --- New best fitness: 23271.8304
[2018-02-11 19:19:55]:   --- New best fitness: 23184.8037
[2018-02-11 19:19:55]:   --- New best fitness: 23014.5465
[2018-02-11 19:19:55]:   --- New best fitness: 22971.7023
[2018-02-11 19:19:55]:   --- New best fitness: 22933.2077
[2018-02-11 19:19:55]:   --- New best fitness: 22806.1086
[2018-02-11 19:19:55]:   --- New best fitness: 22804.1404
[2018-02-11 19:19:55]:   --- New best fitness: 22783.8390
[2018-02-11 19:19:55]:   --- New best fitness: 22772.1030
[2018-02-11 19:19:55]:   --- New best fitness: 22757.7201
[2018-02-11 19:19:55]:   --- New best fitness: 22664.5329
[2018-02-11 19:19:55]:   --- New best fitness: 22557.6251
[2018-02-11 19:19:55]:   --- New best fitness: 22503.7127
[2018-02-11 19:19:55]:   --- New best fitness: 22408.6741
[2018-02-11 19:19:55]:   --- New best fitness: 22401.0349
[2018-02-11 19:19:55]:   --- New best fitness: 22374.5247
[2018-02-11 19:19:55]:   --- New best fitness: 22355.9153
[2018-02-11 19:19:55]:   --- New best fitness: 22340.6395
[2018-02-11 19:19:55]:   --- New best fitness: 22284.9740
[2018-02-11 19:19:56]:   --- New best fitness: 22257.0477
[2018-02-11 19:19:56]:   --- New best fitness: 22256.7181
[2018-02-11 19:19:56]:   --- New best fitness: 22253.0798
[2018-02-11 19:19:56]:   --- New best fitness: 22252.0169
[2018-02-11 19:19:56]:   --- New best fitness: 22223.5045
[2018-02-11 19:19:56]:   --- New best fitness: 22162.0027
[2018-02-11 19:19:56]:   --- New best fitness: 22147.9843
[2018-02-11 19:19:56]:   --- New best fitness: 22121.4432
[2018-02-11 19:19:56]:   --- New best fitness: 22117.2390
[2018-02-11 19:19:56]:   --- New best fitness: 22103.8574
[2018-02-11 19:19:56]:   --- New best fitness: 22089.0411
[2018-02-11 19:19:56]:   --- New best fitness: 22073.4518
[2018-02-11 19:19:56]:   --- New best fitness: 22066.7811
[2018-02-11 19:19:56]:   --- New best fitness: 22064.3247
[2018-02-11 19:19:56]:   --- New best fitness: 22037.6800
[2018-02-11 19:19:56]:   --- New best fitness: 21965.4209
[2018-02-11 19:19:56]:   --- New best fitness: 21963.4860
[2018-02-11 19:19:56]:   --- New best fitness: 21948.9140
[2018-02-11 19:19:56]:   --- New best fitness: 21937.9528
[2018-02-11 19:19:56]:   --- New best fitness: 21921.9277
[2018-02-11 19:19:56]:   --- New best fitness: 21879.6867
[2018-02-11 19:19:56]:   --- New best fitness: 21848.7655
[2018-02-11 19:19:56]:   --- New best fitness: 21838.0483
[2018-02-11 19:19:57]:   --- New best fitness: 21833.8398
[2018-02-11 19:19:57]:   --- New best fitness: 21769.1954
[2018-02-11 19:19:57]:   --- New best fitness: 21737.5822
[2018-02-11 19:19:57]:   --- New best fitness: 21737.3050
[2018-02-11 19:19:57]:   --- New best fitness: 21725.2712
[2018-02-11 19:19:57]:   --- New best fitness: 21696.7308
[2018-02-11 19:19:57]:   --- New best fitness: 21681.9848
[2018-02-11 19:19:57]:   --- New best fitness: 21671.9326
[2018-02-11 19:19:57]:   --- New best fitness: 21649.2096
[2018-02-11 19:19:57]:   --- New best fitness: 21628.5960
[2018-02-11 19:19:57]:   --- New best fitness: 21613.6589
[2018-02-11 19:19:57]:   --- New best fitness: 21601.0994
[2018-02-11 19:19:57]:   --- New best fitness: 21569.2149
[2018-02-11 19:19:57]:   --- New best fitness: 21519.9981
[2018-02-11 19:19:57]:   --- New best fitness: 21386.9680
[2018-02-11 19:19:57]:   --- New best fitness: 21372.0953
[2018-02-11 19:19:57]:   --- New best fitness: 21319.3902
[2018-02-11 19:19:57]:   --- New best fitness: 21302.9347
[2018-02-11 19:19:57]:   --- New best fitness: 21194.6275
[2018-02-11 19:19:57]:   --- New best fitness: 21120.2318
[2018-02-11 19:19:57]:   --- New best fitness: 21117.2357
[2018-02-11 19:19:57]:   --- New best fitness: 21101.7091
[2018-02-11 19:19:57]:   --- New best fitness: 21100.1848
[2018-02-11 19:19:58]:   --- New best fitness: 21054.5398
[2018-02-11 19:19:58]:   --- New best fitness: 20984.8917
[2018-02-11 19:19:58]:   --- New best fitness: 20868.6037
[2018-02-11 19:19:58]:   --- New best fitness: 20790.7298
[2018-02-11 19:19:58]:   --- New best fitness: 20765.0976
[2018-02-11 19:19:58]:   --- New best fitness: 20763.7366
[2018-02-11 19:19:58]:   --- New best fitness: 20738.2965
[2018-02-11 19:19:58]:   --- New best fitness: 20736.0690
[2018-02-11 19:19:58]:   --- New best fitness: 20673.5132
[2018-02-11 19:19:58]:   --- New best fitness: 20552.7457
[2018-02-11 19:19:58]:   --- New best fitness: 20529.2332
[2018-02-11 19:19:58]:   --- New best fitness: 20519.2040
[2018-02-11 19:19:58]:   --- New best fitness: 20515.2162
[2018-02-11 19:19:58]:   --- New best fitness: 20502.9982
[2018-02-11 19:19:58]:   --- New best fitness: 20486.0411
[2018-02-11 19:19:58]:   --- New best fitness: 20466.5939
[2018-02-11 19:19:58]:   --- New best fitness: 20461.0467
[2018-02-11 19:19:58]:   --- New best fitness: 20409.0058
[2018-02-11 19:19:58]:   --- New best fitness: 20401.5686
[2018-02-11 19:19:58]:   --- New best fitness: 20394.0647
[2018-02-11 19:19:58]:   --- New best fitness: 20392.3427
[2018-02-11 19:19:58]:   --- New best fitness: 20345.4038
[2018-02-11 19:19:58]:   --- New best fitness: 20284.1072
[2018-02-11 19:19:58]:   --- New best fitness: 20270.3483
[2018-02-11 19:19:58]:   --- New best fitness: 20258.7450
[2018-02-11 19:19:58]:   --- New best fitness: 20238.4076
[2018-02-11 19:19:58]:   --- New best fitness: 20235.2284
[2018-02-11 19:19:58]:   --- New best fitness: 20228.8140
[2018-02-11 19:19:58]:   --- New best fitness: 20159.5382
[2018-02-11 19:19:58]:   --- New best fitness: 20143.6205
[2018-02-11 19:19:58]:   --- New best fitness: 20132.9107
[2018-02-11 19:19:58]:   --- New best fitness: 20111.2300
[2018-02-11 19:19:58]:   --- New best fitness: 20100.1876
[2018-02-11 19:19:58]:   --- New best fitness: 20096.2875
[2018-02-11 19:19:58]:   --- New best fitness: 20072.7335
[2018-02-11 19:19:58]:   --- New best fitness: 20064.4188
[2018-02-11 19:19:58]:   --- New best fitness: 20050.7493
[2018-02-11 19:19:58]:   --- New best fitness: 20001.0615
[2018-02-11 19:19:58]:   --- New best fitness: 19989.2279
[2018-02-11 19:19:58]:   --- New best fitness: 19967.0053
[2018-02-11 19:19:58]:   --- New best fitness: 19929.9520
[2018-02-11 19:19:58]:   --- New best fitness: 19903.4014
[2018-02-11 19:19:58]:   --- New best fitness: 19851.1511
[2018-02-11 19:19:58]:   --- New best fitness: 19847.4747
[2018-02-11 19:19:58]:   --- New best fitness: 19847.2591
[2018-02-11 19:19:59]:   --- New best fitness: 19843.5827
[2018-02-11 19:19:59]:   --- New best fitness: 19834.3726
[2018-02-11 19:19:59]:   --- New best fitness: 19806.7700
[2018-02-11 19:19:59]:   --- New best fitness: 19767.0614
[2018-02-11 19:19:59]:   --- New best fitness: 19758.4459
[2018-02-11 19:19:59]:   --- New best fitness: 19735.5061
[2018-02-11 19:19:59]:   --- New best fitness: 19616.6431
[2018-02-11 19:19:59]:   --- New best fitness: 19614.1274
[2018-02-11 19:19:59]:   --- New best fitness: 19597.1646
[2018-02-11 19:20:00]:   --- New best fitness: 19531.2960
[2018-02-11 19:20:00]:   --- New best fitness: 19528.1056
[2018-02-11 19:20:00]:   --- New best fitness: 19519.0638
[2018-02-11 19:20:00]:   --- New best fitness: 19509.2156
[2018-02-11 19:20:00]:   --- New best fitness: 19504.5536
[2018-02-11 19:20:00]:   --- New best fitness: 19492.1508
[2018-02-11 19:20:00]:   --- New best fitness: 19454.5565
[2018-02-11 19:20:01]:   --- New best fitness: 19430.2876
[2018-02-11 19:20:01]:   --- New best fitness: 19381.2801
[2018-02-11 19:20:02]:   --- New best fitness: 19381.0467
[2018-02-11 19:20:02]:   --- New best fitness: 19366.1446
[2018-02-11 19:20:02]:   --- New best fitness: 19355.7260
[2018-02-11 19:20:02]:   --- New best fitness: 19350.2541
[2018-02-11 19:20:02]:   --- New best fitness: 19345.1162
[2018-02-11 19:20:02]:   --- New best fitness: 19344.8827
[2018-02-11 19:20:02]:   --- New best fitness: 19301.2886
[2018-02-11 19:20:02]:   --- New best fitness: 19288.7233
[2018-02-11 19:20:02]:   --- New best fitness: 19288.4666
[2018-02-11 19:20:02]:   --- New best fitness: 19288.0081
[2018-02-11 19:20:02]:   --- New best fitness: 19269.0884
[2018-02-11 19:20:02]:   --- New best fitness: 19266.1418
[2018-02-11 19:20:02]:   --- New best fitness: 19233.7682
[2018-02-11 19:20:02]:   --- New best fitness: 19193.0880
[2018-02-11 19:20:02]:   --- New best fitness: 19181.3038
[2018-02-11 19:20:02]:   --- New best fitness: 19175.0191
[2018-02-11 19:20:02]:   --- New best fitness: 19169.3505
[2018-02-11 19:20:02]:   --- New best fitness: 19155.4536
[2018-02-11 19:20:02]:   --- New best fitness: 19115.1463
[2018-02-11 19:20:02]:   --- New best fitness: 19114.9883
[2018-02-11 19:20:03]:   --- New best fitness: 19067.2749
[2018-02-11 19:20:03]:   --- New best fitness: 19065.4217
[2018-02-11 19:20:03]:   --- New best fitness: 19037.1254
[2018-02-11 19:20:03]:   --- New best fitness: 19019.2141
[2018-02-11 19:20:03]:   --- New best fitness: 18955.6892
[2018-02-11 19:20:04]:   --- New best fitness: 18923.6387
[2018-02-11 19:20:04]:   --- New best fitness: 18864.9515
[2018-02-11 19:20:04]:   --- New best fitness: 18744.8469
[2018-02-11 19:20:04]: ==================================
[2018-02-11 19:20:04]: Best fitness of scenario 20: 18744.8469
[2018-02-11 19:20:04]: --- End Scenario 20
[2018-02-11 19:20:04]: 
[2018-02-11 19:20:04]: --- Scenario 21
[2018-02-11 19:20:04]: selectionAlgorithm: TournamentSelection
[2018-02-11 19:20:04]: crossoverAlgorithm: PositionBasedCrossover
[2018-02-11 19:20:04]: mutationAlgorithm:  ExchangeMutation
[2018-02-11 19:20:04]: crossoverRatio:     0.7
[2018-02-11 19:20:04]: mutationRatio:      5.0E-4
[2018-02-11 19:20:04]: ==================================
[2018-02-11 19:20:04]:   Initial best fitness: 32306.1556
[2018-02-11 19:20:05]: ==================================
[2018-02-11 19:20:05]: Best fitness of scenario 21: 32306.1556
[2018-02-11 19:20:05]: --- End Scenario 21
[2018-02-11 19:20:05]: 
[2018-02-11 19:20:05]: --- Scenario 22
[2018-02-11 19:20:05]: selectionAlgorithm: RouletteWheelSelection
[2018-02-11 19:20:05]: crossoverAlgorithm: PositionBasedCrossover
[2018-02-11 19:20:05]: mutationAlgorithm:  HeuristicMutation
[2018-02-11 19:20:05]: crossoverRatio:     0.7
[2018-02-11 19:20:05]: mutationRatio:      5.0E-4
[2018-02-11 19:20:05]: ==================================
[2018-02-11 19:20:05]:   Initial best fitness: 32729.8312
[2018-02-11 19:20:05]:   --- New best fitness: 32197.7167
[2018-02-11 19:20:05]:   --- New best fitness: 32170.8614
[2018-02-11 19:20:23]: ==================================
[2018-02-11 19:20:23]: Best fitness of scenario 22: 32170.8614
[2018-02-11 19:20:23]: --- End Scenario 22
[2018-02-11 19:20:23]: 
[2018-02-11 19:20:23]: --- Scenario 23
[2018-02-11 19:20:23]: selectionAlgorithm: TournamentSelection
[2018-02-11 19:20:23]: crossoverAlgorithm: PositionBasedCrossover
[2018-02-11 19:20:23]: mutationAlgorithm:  InversionMutation
[2018-02-11 19:20:23]: crossoverRatio:     0.7
[2018-02-11 19:20:23]: mutationRatio:      5.0E-4
[2018-02-11 19:20:23]: ==================================
[2018-02-11 19:20:23]:   Initial best fitness: 32845.3111
[2018-02-11 19:20:23]:   --- New best fitness: 32740.8087
[2018-02-11 19:20:23]: ==================================
[2018-02-11 19:20:23]: Best fitness of scenario 23: 32740.8087
[2018-02-11 19:20:23]: --- End Scenario 23
[2018-02-11 19:20:23]: 
[2018-02-11 19:20:23]: --- Scenario 24
[2018-02-11 19:20:23]: selectionAlgorithm: TournamentSelection
[2018-02-11 19:20:23]: crossoverAlgorithm: SubTourExchangeCrossover
[2018-02-11 19:20:23]: mutationAlgorithm:  ExchangeMutation
[2018-02-11 19:20:23]: crossoverRatio:     0.7
[2018-02-11 19:20:23]: mutationRatio:      5.0E-4
[2018-02-11 19:20:23]: ==================================
[2018-02-11 19:20:23]:   Initial best fitness: 31934.6678
[2018-02-11 19:20:23]: ==================================
[2018-02-11 19:20:23]: Best fitness of scenario 24: 31934.6678
[2018-02-11 19:20:23]: --- End Scenario 24
[2018-02-11 19:20:23]: 
[2018-02-11 19:20:23]: --- Scenario 25
[2018-02-11 19:20:23]: selectionAlgorithm: RouletteWheelSelection
[2018-02-11 19:20:23]: crossoverAlgorithm: SubTourExchangeCrossover
[2018-02-11 19:20:23]: mutationAlgorithm:  DisplacementMutation
[2018-02-11 19:20:23]: crossoverRatio:     0.7
[2018-02-11 19:20:23]: mutationRatio:      5.0E-4
[2018-02-11 19:20:23]: ==================================
[2018-02-11 19:20:23]:   Initial best fitness: 32353.9941
[2018-02-11 19:20:31]: ==================================
[2018-02-11 19:20:31]: Best fitness of scenario 25: 32353.9941
[2018-02-11 19:20:31]: --- End Scenario 25
[2018-02-11 19:20:31]: 
[2018-02-11 19:20:31]: Total number of crossovers and mutations:
[2018-02-11 19:20:31]:    > total amount of crossovers: 664338
[2018-02-11 19:20:31]:    > total amount of mutations:  16092
[2018-02-11 19:20:31]: 
[2018-02-11 19:20:31]: ==================================
[2018-02-11 19:20:31]: --- Started BruteForce algorithm
[2018-02-11 19:20:31]: numberOfTourElements: 10
[2018-02-11 19:20:31]: 
[2018-02-11 19:20:31]: Best tour in whole list: { Tour : 134 253 256 50 108 161 130 164 259 214 14 18 171 199 158 244 140 149 198 245 94 69 193 218 93 145 236 219 29 205 188 38 255 139 231 248 243 204 46 157 241 185 55 228 36 123 175 274 115 15 58 150 81 168 73 179 60 97 107 22 99 226 1 136 11 35 246 225 121 56 128 162 156 106 249 48 19 152 4 212 137 6 98 197 186 224 239 40 266 13 59 76 213 12 250 232 77 41 83 165 74 17 261 178 223 138 37 233 222 44 170 52 45 124 28 273 49 153 210 180 172 262 269 220 144 254 238 184 200 195 278 104 31 280 227 70 235 25 42 84 154 34 5 119 75 129 276 221 66 135 272 265 118 251 215 65 252 268 90 163 237 263 142 264 229 111 101 203 141 105 147 114 117 78 43 120 234 100 68 64 247 187 79 57 206 242 103 102 167 146 275 230 217 279 10 33 80 113 20 112 30 86 277 89 110 61 109 189 271 82 62 95 211 240 216 132 53 96 143 148 127 122 194 63 181 177 21 176 270 208 159 209 125 7 8 166 190 169 202 257 16 116 258 32 201 26 27 47 88 23 133 39 196 67 72 267 54 182 191 9 192 3 260 91 151 87 24 160 131 126 173 85 2 174 92 51 71 155 183 207  }
[2018-02-11 19:20:31]: Fitness of all: 32200.3230
[2018-02-11 19:20:31]: 
[2018-02-11 19:20:31]: Best tour in top 25 segment: { Tour : 70 51 188 276 101 8 121 17 201 237 90 275 243 203 176 129 29 159 12 141 22 73 123 223 215 48 117 150 226 259 157 96 59 15 110 177 154 120 131 49 262 224 11 190 247 135 260 181 185 279 235 6 240 69 84 156 31 33 219 280 180 20 39 105 257 263 26 137 143 195 230 205 93 231 271 40 46 197 19 172 255 75 103 216 153 62 68 234 91 147 74 175 140 9 64 272 202 42 130 218 165 145 160 55 41 167 139 270 86 125 36 136 211 3 102 170 77 193 171 258 166 214 45 114 97 23 239 245 146 178 198 162 220 132 47 155 217 81 80 241 182 212 99 18 248 148 250 65 32 58 112 273 183 192 232 111 67 278 191 213 106 14 57 274 236 61 254 244 173 98 104 53 208 249 21 184 194 227 7 52 238 186 88 152 266 256 72 78 267 60 2 229 13 30 253 189 246 127 71 261 233 169 209 207 119 196 228 34 149 210 199 158 133 264 83 54 142 76 187 115 277 50 222 221 100 268 87 144 66 113 10 204 151 24 43 265 161 37 174 269 252 134 200 122 25 27 138 94 95 118 4 56 89 179 63 225 128 85 1 126 28 35 79 38 108 82 124 163 107 5 164 206 116 44 16 109 168 92 242 251  }
[2018-02-11 19:20:31]: Fitness of top 25: 33974.8859
[2018-02-11 19:20:31]: 
[2018-02-11 19:20:31]: Best tour in middle 50 segment: { Tour : 134 253 256 50 108 161 130 164 259 214 14 18 171 199 158 244 140 149 198 245 94 69 193 218 93 145 236 219 29 205 188 38 255 139 231 248 243 204 46 157 241 185 55 228 36 123 175 274 115 15 58 150 81 168 73 179 60 97 107 22 99 226 1 136 11 35 246 225 121 56 128 162 156 106 249 48 19 152 4 212 137 6 98 197 186 224 239 40 266 13 59 76 213 12 250 232 77 41 83 165 74 17 261 178 223 138 37 233 222 44 170 52 45 124 28 273 49 153 210 180 172 262 269 220 144 254 238 184 200 195 278 104 31 280 227 70 235 25 42 84 154 34 5 119 75 129 276 221 66 135 272 265 118 251 215 65 252 268 90 163 237 263 142 264 229 111 101 203 141 105 147 114 117 78 43 120 234 100 68 64 247 187 79 57 206 242 103 102 167 146 275 230 217 279 10 33 80 113 20 112 30 86 277 89 110 61 109 189 271 82 62 95 211 240 216 132 53 96 143 148 127 122 194 63 181 177 21 176 270 208 159 209 125 7 8 166 190 169 202 257 16 116 258 32 201 26 27 47 88 23 133 39 196 67 72 267 54 182 191 9 192 3 260 91 151 87 24 160 131 126 173 85 2 174 92 51 71 155 183 207  }
[2018-02-11 19:20:31]: Fitness of middle 50: 32200.3230
[2018-02-11 19:20:31]: 
[2018-02-11 19:20:31]: Best tour in last 25 segment: { Tour : 48 98 217 192 122 90 234 221 11 111 141 160 147 273 254 112 272 263 275 52 76 158 255 65 236 168 100 171 149 206 257 19 17 85 106 77 93 55 191 138 50 199 97 79 16 224 173 146 193 159 250 118 186 233 58 26 34 23 24 189 27 278 242 110 238 188 126 70 213 83 80 228 56 82 243 220 21 61 211 214 74 241 128 57 60 235 107 230 237 14 204 280 54 162 262 187 203 103 59 184 108 66 13 38 170 119 205 91 105 131 121 245 153 43 202 226 167 240 63 268 142 6 261 37 67 124 116 95 225 99 194 229 179 44 32 164 69 169 84 35 3 166 216 5 75 155 136 123 244 134 260 113 133 20 182 120 163 1 208 68 165 117 86 218 143 140 89 102 36 29 31 259 232 8 22 137 28 271 132 30 270 266 253 109 46 156 264 94 227 215 129 10 2 157 53 198 104 239 18 9 172 49 41 174 78 161 87 195 196 64 51 276 222 45 177 209 274 231 151 269 185 256 15 249 150 219 279 148 130 251 135 125 210 139 175 258 248 144 212 200 277 7 190 81 223 101 183 154 39 114 145 62 73 246 25 40 72 267 88 33 265 47 207 247 176 180 252 96 178 42 115 12 197 4 71 181 152 92 201 127  }
[2018-02-11 19:20:31]: Fitness of last 25: 33257.2417
[2018-02-11 19:20:31]: 
[2018-02-11 19:20:31]: The best found tour by BruteForce was located in the middle 50 percent of the list of 10 elements.
[2018-02-11 19:20:31]: --- Finished BruteForce
[2018-02-11 19:20:31]: ==================================
[2018-02-11 19:20:31]: ==================================
[2018-02-11 19:20:31]: Best Fitness of Genetic Algorithm:    2921.7873 (Scenario 15)
[2018-02-11 19:20:31]: Best Fitness of BruteForce Algorithm: 32200.3230
