/*C3*/SET SCHEMA PUBLIC
DROP TABLE data
CREATE TABLE data  ( id BIGINT NOT NULL,test VARCHAR(20) NOT NULL,PRIMARY KEY (id) )
/*C3*/SET SCHEMA PUBLIC
DROP TABLE data
CREATE TABLE data  ( id BIGINT NOT NULL,test VARCHAR(20) NOT NULL,PRIMARY KEY (id) )
/*C3*/SET SCHEMA PUBLIC
DROP TABLE data
CREATE TABLE data  ( id BIGINT NOT NULL,test VARCHAR(20) NOT NULL,PRIMARY KEY (id) )
/*C3*/SET SCHEMA PUBLIC
DROP TABLE data
CREATE TABLE data  ( id BIGINT NOT NULL,test VARCHAR(20) NOT NULL,PRIMARY KEY (id) )
/*C3*/SET SCHEMA PUBLIC
DROP TABLE data
CREATE TABLE data  ( id BIGINT NOT NULL,test VARCHAR(20) NOT NULL,PRIMARY KEY (id) )
/*C3*/SET SCHEMA PUBLIC
DROP TABLE data
CREATE TABLE data  ( id BIGINT NOT NULL,test VARCHAR(20) NOT NULL,PRIMARY KEY (id) )
INSERT INTO DATA VALUES(731851711342472,'hello world')
COMMIT
DISCONNECT
